[debug] [2020-09-15T17:30:42.166Z] ----------------------------------------------------------------------
[debug] [2020-09-15T17:30:42.169Z] Command:       C:\Program Files\nodejs\node.exe C:\Users\Usuário\AppData\Roaming\npm\node_modules\firebase-tools\lib\bin\firebase.js deploy
[debug] [2020-09-15T17:30:42.169Z] CLI Version:   8.3.0
[debug] [2020-09-15T17:30:42.170Z] Platform:      win32
[debug] [2020-09-15T17:30:42.170Z] Node Version:  v12.16.1
[debug] [2020-09-15T17:30:42.171Z] Time:          Tue Sep 15 2020 14:30:42 GMT-0300 (GMT-03:00)
[debug] [2020-09-15T17:30:42.171Z] ----------------------------------------------------------------------
[debug] [2020-09-15T17:30:42.171Z] 
[debug] [2020-09-15T17:30:42.188Z] > command requires scopes: ["email","openid","https://www.googleapis.com/auth/cloudplatformprojects.readonly","https://www.googleapis.com/auth/firebase","https://www.googleapis.com/auth/cloud-platform"]
[debug] [2020-09-15T17:30:42.188Z] > authorizing via signed-in user
[debug] [2020-09-15T17:30:42.189Z] [iam] checking project flipper-front for permissions ["firebase.projects.get","firebasehosting.sites.update"]
[debug] [2020-09-15T17:30:42.191Z] > refreshing access token with scopes: ["email","https://www.googleapis.com/auth/cloud-platform","https://www.googleapis.com/auth/cloudplatformprojects.readonly","https://www.googleapis.com/auth/firebase","openid"]
[debug] [2020-09-15T17:30:42.191Z] >>> HTTP REQUEST POST https://www.googleapis.com/oauth2/v3/token  
 <request body omitted>
[debug] [2020-09-15T17:30:42.443Z] <<< HTTP RESPONSE 200 {"content-type":"application/json; charset=utf-8","vary":"X-Origin, Referer, Origin,Accept-Encoding","date":"Tue, 15 Sep 2020 17:30:42 GMT","server":"scaffolding on HTTPServer2","cache-control":"private","x-xss-protection":"0","x-frame-options":"SAMEORIGIN","x-content-type-options":"nosniff","alt-svc":"h3-29=\":443\"; ma=2592000,h3-27=\":443\"; ma=2592000,h3-T051=\":443\"; ma=2592000,h3-T050=\":443\"; ma=2592000,h3-Q050=\":443\"; ma=2592000,h3-Q046=\":443\"; ma=2592000,h3-Q043=\":443\"; ma=2592000,quic=\":443\"; ma=2592000; v=\"46,43\"","accept-ranges":"none","transfer-encoding":"chunked"}
[debug] [2020-09-15T17:30:42.451Z] >>> HTTP REQUEST POST https://cloudresourcemanager.googleapis.com/v1/projects/flipper-front:testIamPermissions  
 {"permissions":["firebase.projects.get","firebasehosting.sites.update"]}
[debug] [2020-09-15T17:30:43.339Z] <<< HTTP RESPONSE 200 {"content-type":"application/json; charset=UTF-8","vary":"X-Origin, Referer, Origin,Accept-Encoding","date":"Tue, 15 Sep 2020 17:30:43 GMT","server":"ESF","cache-control":"private","x-xss-protection":"0","x-frame-options":"SAMEORIGIN","x-content-type-options":"nosniff","server-timing":"gfet4t7; dur=738","alt-svc":"h3-Q050=\":443\"; ma=2592000,h3-29=\":443\"; ma=2592000,h3-27=\":443\"; ma=2592000,h3-T051=\":443\"; ma=2592000,h3-T050=\":443\"; ma=2592000,h3-Q046=\":443\"; ma=2592000,h3-Q043=\":443\"; ma=2592000,quic=\":443\"; ma=2592000; v=\"46,43\"","accept-ranges":"none","transfer-encoding":"chunked"}
[debug] [2020-09-15T17:30:43.341Z] >>> HTTP REQUEST GET https://firebase.googleapis.com/v1beta1/projects/flipper-front  
 
[debug] [2020-09-15T17:30:44.401Z] <<< HTTP RESPONSE 200 {"content-type":"application/json; charset=UTF-8","vary":"X-Origin, Referer, Origin,Accept-Encoding","date":"Tue, 15 Sep 2020 17:30:44 GMT","server":"ESF","cache-control":"private","x-xss-protection":"0","x-frame-options":"SAMEORIGIN","x-content-type-options":"nosniff","alt-svc":"h3-29=\":443\"; ma=2592000,h3-27=\":443\"; ma=2592000,h3-T051=\":443\"; ma=2592000,h3-T050=\":443\"; ma=2592000,h3-Q050=\":443\"; ma=2592000,h3-Q046=\":443\"; ma=2592000,h3-Q043=\":443\"; ma=2592000,quic=\":443\"; ma=2592000; v=\"46,43\"","accept-ranges":"none","transfer-encoding":"chunked"}
[info] 
[info] === Deploying to 'flipper-front'...
[info] 
[info] i  deploying hosting 
[debug] [2020-09-15T17:30:44.423Z] >>> HTTP REQUEST POST https://firebasehosting.googleapis.com/v1beta1/sites/flipper-front/versions  
 {"config":{"rewrites":[{"glob":"**","path":"/index.html"}]},"labels":{"deployment-tool":"cli-firebase"}}
[debug] [2020-09-15T17:30:45.874Z] <<< HTTP RESPONSE 200 {"content-type":"application/json; charset=UTF-8","vary":"X-Origin, Referer, Origin,Accept-Encoding","date":"Tue, 15 Sep 2020 17:30:45 GMT","server":"ESF","cache-control":"private","x-xss-protection":"0","x-frame-options":"SAMEORIGIN","x-content-type-options":"nosniff","alt-svc":"h3-29=\":443\"; ma=2592000,h3-27=\":443\"; ma=2592000,h3-T051=\":443\"; ma=2592000,h3-T050=\":443\"; ma=2592000,h3-Q050=\":443\"; ma=2592000,h3-Q046=\":443\"; ma=2592000,h3-Q043=\":443\"; ma=2592000,quic=\":443\"; ma=2592000; v=\"46,43\"","accept-ranges":"none","transfer-encoding":"chunked"}
[info] i  hosting[flipper-front]: beginning deploy... 
[info] i  hosting[flipper-front]: found 36 files in dist/flipper-front 
[debug] [2020-09-15T17:30:46.113Z] [hosting] hash cache [ZGlzdFxmbGlwcGVyLWZyb250] stored for 36 files
[debug] [2020-09-15T17:30:46.114Z] [hosting][hash queue][FINAL] {"max":198,"min":0,"avg":23.166666666666668,"active":0,"complete":36,"success":36,"errored":0,"retried":0,"total":36,"elapsed":210}
[debug] [2020-09-15T17:30:46.114Z] >>> HTTP REQUEST POST https://firebasehosting.googleapis.com/v1beta1/sites/flipper-front/versions/d1e05cea742b6407:populateFiles  
 <request body omitted>
[debug] [2020-09-15T17:30:47.257Z] <<< HTTP RESPONSE 200 {"content-type":"application/json; charset=UTF-8","vary":"X-Origin, Referer, Origin,Accept-Encoding","date":"Tue, 15 Sep 2020 17:30:47 GMT","server":"ESF","cache-control":"private","x-xss-protection":"0","x-frame-options":"SAMEORIGIN","x-content-type-options":"nosniff","alt-svc":"h3-29=\":443\"; ma=2592000,h3-27=\":443\"; ma=2592000,h3-T051=\":443\"; ma=2592000,h3-T050=\":443\"; ma=2592000,h3-Q050=\":443\"; ma=2592000,h3-Q046=\":443\"; ma=2592000,h3-Q043=\":443\"; ma=2592000,quic=\":443\"; ma=2592000; v=\"46,43\"","accept-ranges":"none","transfer-encoding":"chunked"}
[debug] [2020-09-15T17:30:47.262Z] [hosting][populate queue][FINAL] {"max":1148,"min":1148,"avg":1148,"active":0,"complete":1,"success":1,"errored":0,"retried":0,"total":1,"elapsed":1151}
[debug] [2020-09-15T17:30:47.263Z] [hosting] uploads queued: 4
